2024-06-01 23:45:33 Loading main app package /usr/lib/obsidian/obsidian.asar
2024-06-01 23:45:33 Checking for update using Github
2024-06-01 23:45:34 Success.
2024-06-01 23:45:34 Latest version is 1.5.12
2024-06-01 23:45:34 App is up to date.
2024-06-02 15:51:37 Loading main app package /usr/lib/obsidian/obsidian.asar
2024-06-02 15:51:37 Checking for update using Github
2024-06-02 15:51:37 Success.
2024-06-02 15:51:37 Latest version is 1.5.12
2024-06-02 15:51:37 App is up to date.
2024-06-02 16:31:41 Loading main app package /usr/lib/obsidian/obsidian.asar
2024-06-02 16:31:42 Checking for update using Github
2024-06-02 16:31:42 Success.
2024-06-02 16:31:42 Latest version is 1.5.12
2024-06-02 16:31:42 App is up to date.
2024-06-02 17:31:41 Checking for update using Github
2024-06-02 17:31:41 Success.
2024-06-02 17:31:41 Latest version is 1.5.12
2024-06-02 17:31:41 App is up to date.
2024-06-02 18:31:41 Checking for update using Github
2024-06-02 18:31:42 Success.
2024-06-02 18:31:42 Latest version is 1.5.12
2024-06-02 18:31:42 App is up to date.
2024-06-02 19:31:42 Checking for update using Github
2024-06-02 19:31:42 Success.
2024-06-02 19:31:42 Latest version is 1.5.12
2024-06-02 19:31:42 App is up to date.
2024-06-05 18:23:31 Loading main app package /usr/lib/obsidian/obsidian.asar
2024-06-05 18:23:31 Checking for update using Github
2024-06-05 18:23:32 Success.
2024-06-05 18:23:32 Latest version is 1.5.12
2024-06-05 18:23:32 App is up to date.
2024-06-05 19:23:31 Checking for update using Github
2024-06-05 19:23:31 Success.
2024-06-05 19:23:31 Latest version is 1.5.12
2024-06-05 19:23:31 App is up to date.
2024-06-05 20:23:31 Checking for update using Github
2024-06-05 20:23:31 Success.
2024-06-05 20:23:31 Latest version is 1.5.12
2024-06-05 20:23:31 App is up to date.
2024-06-05 21:23:31 Checking for update using Github
2024-06-05 21:23:31 Success.
2024-06-05 21:23:31 Latest version is 1.5.12
2024-06-05 21:23:31 App is up to date.
2024-06-05 22:23:31 Checking for update using Github
2024-06-05 22:23:31 Success.
2024-06-05 22:23:31 Latest version is 1.5.12
2024-06-05 22:23:31 App is up to date.
2024-06-05 23:23:31 Checking for update using Github
2024-06-05 23:23:32 Success.
2024-06-05 23:23:32 Latest version is 1.5.12
2024-06-05 23:23:32 App is up to date.
2024-06-06 00:23:32 Checking for update using Github
2024-06-06 00:23:32 Success.
2024-06-06 00:23:32 Latest version is 1.5.12
2024-06-06 00:23:32 App is up to date.
2024-06-06 01:23:32 Checking for update using Github
2024-06-06 01:23:32 Success.
2024-06-06 01:23:32 Latest version is 1.5.12
2024-06-06 01:23:32 App is up to date.
2024-06-06 02:23:32 Checking for update using Github
2024-06-06 02:23:32 Success.
2024-06-06 02:23:32 Latest version is 1.5.12
2024-06-06 02:23:32 App is up to date.
2024-06-06 17:26:42 Loading main app package /usr/lib/obsidian/obsidian.asar
2024-06-06 17:26:43 Checking for update using Github
2024-06-06 17:26:43 Success.
2024-06-06 17:26:43 Latest version is 1.5.12
2024-06-06 17:26:43 App is up to date.
2024-06-07 12:20:25 Loading main app package /usr/lib/obsidian/obsidian.asar
2024-06-07 12:20:25 Checking for update using Github
2024-06-07 12:20:25 Success.
2024-06-07 12:20:25 Latest version is 1.5.12
2024-06-07 12:20:25 App is up to date.
2024-06-07 13:20:25 Checking for update using Github
2024-06-07 13:20:25 Success.
2024-06-07 13:20:25 Latest version is 1.5.12
2024-06-07 13:20:25 App is up to date.
2024-06-07 14:20:25 Checking for update using Github
2024-06-07 14:20:25 Success.
2024-06-07 14:20:25 Latest version is 1.5.12
2024-06-07 14:20:25 App is up to date.
2024-06-07 15:20:25 Checking for update using Github
2024-06-07 15:20:25 Success.
2024-06-07 15:20:25 Latest version is 1.5.12
2024-06-07 15:20:25 App is up to date.
2024-06-09 17:57:13 Loading main app package /usr/lib/obsidian/obsidian.asar
2024-06-09 17:57:13 Checking for update using Github
2024-06-09 17:57:13 Success.
2024-06-09 17:57:13 Latest version is 1.6.3
2024-06-09 17:57:13 App is up to date.
2024-06-09 18:57:13 Checking for update using Github
2024-06-09 18:57:13 Success.
2024-06-09 18:57:13 Latest version is 1.6.3
2024-06-09 18:57:13 App is up to date.
2024-06-09 20:47:25 Loading main app package /usr/lib/obsidian/obsidian.asar
2024-06-09 20:47:25 Checking for update using Github
2024-06-09 20:47:25 Success.
2024-06-09 20:47:25 Latest version is 1.6.3
2024-06-09 20:47:25 App is up to date.
2024-06-09 21:19:15 Loading main app package /usr/lib/obsidian/obsidian.asar
2024-06-09 21:19:15 Checking for update using Github
2024-06-09 21:19:15 Success.
2024-06-09 21:19:15 Latest version is 1.6.3
2024-06-09 21:19:15 App is up to date.
2024-06-09 22:19:15 Checking for update using Github
2024-06-09 22:19:15 Success.
2024-06-09 22:19:15 Latest version is 1.6.3
2024-06-09 22:19:15 App is up to date.
2024-06-09 23:31:01 Loading main app package /usr/lib/obsidian/obsidian.asar
2024-06-09 23:31:02 Checking for update using Github
2024-06-09 23:31:02 Success.
2024-06-09 23:31:02 Latest version is 1.6.3
2024-06-09 23:31:02 App is up to date.
2024-06-10 01:06:10 Loading main app package /usr/lib/obsidian/obsidian.asar
2024-06-10 01:06:10 Checking for update using Github
2024-06-10 01:06:10 Success.
2024-06-10 01:06:10 Latest version is 1.6.3
2024-06-10 01:06:10 App is up to date.
2024-06-10 18:33:29 Loading main app package /usr/lib/obsidian/obsidian.asar
2024-06-10 18:33:30 Checking for update using Github
2024-06-10 18:33:30 Success.
2024-06-10 18:33:30 Latest version is 1.6.3
2024-06-10 18:33:30 App is up to date.
2024-06-10 19:21:06 Loading main app package /usr/lib/obsidian/obsidian.asar
2024-06-10 19:21:06 Checking for update using Github
2024-06-10 19:21:06 Success.
2024-06-10 19:21:06 Latest version is 1.6.3
2024-06-10 19:21:06 App is up to date.
2024-06-10 20:21:06 Checking for update using Github
2024-06-10 20:21:06 Success.
2024-06-10 20:21:06 Latest version is 1.6.3
2024-06-10 20:21:06 App is up to date.
2024-06-10 21:21:06 Checking for update using Github
2024-06-10 21:21:06 Success.
2024-06-10 21:21:06 Latest version is 1.6.3
2024-06-10 21:21:06 App is up to date.
